Arguments: 
  /Users/musienkoyuriy/.nvm/versions/node/v8.11.2/bin/node /usr/local/bin/yarn add global enabler

PATH: 
  /Users/musienkoyuriy/.rvm/gems/ruby-2.3.1/bin:/Users/musienkoyuriy/.rvm/gems/ruby-2.3.1@global/bin:/Users/musienkoyuriy/.rvm/rubies/ruby-2.3.1/bin:/Users/musienkoyuriy/.nvm/versions/node/v8.11.2/bin:/Users/musienkoyuriy/.cargo/bin:/usr/local/bin:/usr/bin:/bin:/usr/sbin:/sbin:/opt/X11/bin:/Applications/Postgres.app/Contents/Versions/latest/bin:/Users/musienkoyuriy/.rvm/bin

Yarn version: 
  0.19.1

Node version: 
  8.11.2

Platform: 
  darwin x64

npm manifest: 
  {
    "name": "enabler",
    "version": "1.4.5",
    "description": "Accessibility analyzer for your frontend",
    "main": "index.js",
    "scripts": {
      "test": "echo \"Error: no test specified\" && exit 1",
      "lint": "eslint **/*.js --fix",
      "demo:html": "node index.js -p fixtures",
      "demo:ng": "node index.js -p fixtures --ng",
      "demo:vue": "node index.js -p fixtures --vue"
    },
    "bin": {
      "enabler": "index.js"
    },
    "repository": {
      "type": "git",
      "url": "git+https://github.com/musienkoyuriy/enabler.git"
    },
    "keywords": [
      "wai-aria",
      "wcag",
      "screen-reader",
      "enabler",
      "ngx-a11y",
      "vue-a11y",
      "accessibility"
    ],
    "author": "Yuriy Musienko",
    "license": "MIT",
    "bugs": {
      "url": "https://github.com/musienkoyuriy/enabler/issues"
    },
    "homepage": "https://github.com/musienkoyuriy/enabler#readme",
    "dependencies": {
      "chalk": "2.4.1",
      "cheerio": "^1.0.0-rc.2",
      "commander": "2.15.1",
      "glob": "^7.1.2"
    },
    "devDependencies": {
      "eslint": "^4.19.1",
      "eslint-config-airbnb-base": "^12.1.0",
      "eslint-config-prettier": "2.9.0",
      "eslint-plugin-import": "2.12.0",
      "eslint-plugin-prettier": "2.6.0",
      "prettier": "1.13.3",
      "prettier-eslint-cli": "^4.7.0"
    },
    "eslintIgnore": [
      "examples/**"
    ]
  }

yarn manifest: 
  No manifest

Lockfile: 
  No lockfile

Trace: 
  Error: ENOENT: no such file or directory, open '/Users/musienkoyuriy/projects/pet/enabler/node_modules/typescript/lib/pt-br/diagnosticMessages.generated.json'
